<?xml version="1.0" encoding="UTF-8"?>
<testng-results ignored="0" total="3" passed="3" failed="0" skipped="0">
  <reporter-output>
  </reporter-output>
  <suite started-at="2024-12-10T20:39:35 IST" name="Default suite" finished-at="2024-12-10T20:39:35 IST" duration-ms="102">
    <groups>
    </groups>
    <test started-at="2024-12-10T20:39:35 IST" name="Default test" finished-at="2024-12-10T20:39:35 IST" duration-ms="102">
      <class name="Test1">
        <test-method signature="testMethod(int,java.lang.String)[pri:0, instance:Test1@3012646b]" started-at="2024-12-10T20:39:35 IST" name="testMethod" data-provider="data-provider" finished-at="2024-12-10T20:39:35 IST" duration-ms="17" status="PASS">
          <params>
            <param index="0">
              <value>
                <![CDATA[1]]>
              </value>
            </param>
            <param index="1">
              <value>
                <![CDATA[A]]>
              </value>
            </param>
          </params>
          <reporter-output>
          </reporter-output>
        </test-method> <!-- testMethod -->
        <test-method signature="testMethod(int,java.lang.String)[pri:0, instance:Test1@3012646b]" started-at="2024-12-10T20:39:35 IST" name="testMethod" data-provider="data-provider" finished-at="2024-12-10T20:39:35 IST" duration-ms="2" status="PASS">
          <params>
            <param index="0">
              <value>
                <![CDATA[2]]>
              </value>
            </param>
            <param index="1">
              <value>
                <![CDATA[B]]>
              </value>
            </param>
          </params>
          <reporter-output>
          </reporter-output>
        </test-method> <!-- testMethod -->
        <test-method signature="testMethod(int,java.lang.String)[pri:0, instance:Test1@3012646b]" started-at="2024-12-10T20:39:35 IST" name="testMethod" data-provider="data-provider" finished-at="2024-12-10T20:39:35 IST" duration-ms="2" status="PASS">
          <params>
            <param index="0">
              <value>
                <![CDATA[3]]>
              </value>
            </param>
            <param index="1">
              <value>
                <![CDATA[C]]>
              </value>
            </param>
          </params>
          <reporter-output>
          </reporter-output>
        </test-method> <!-- testMethod -->
      </class> <!-- Test1 -->
    </test> <!-- Default test -->
  </suite> <!-- Default suite -->
</testng-results>
