<?xml version="1.0" encoding="UTF-8"?>
<testng-results ignored="0" total="2" passed="2" failed="0" skipped="0">
  <reporter-output>
  </reporter-output>
  <suite started-at="2024-09-09T20:40:27 IST" name="Default suite" finished-at="2024-09-09T20:40:37 IST" duration-ms="10136">
    <groups>
    </groups>
    <test started-at="2024-09-09T20:40:27 IST" name="Default test" finished-at="2024-09-09T20:40:37 IST" duration-ms="10136">
      <class name="testNG.ParallelTesting">
        <test-method signature="openBing()[pri:0, instance:testNG.ParallelTesting@576d5deb]" started-at="2024-09-09T20:40:27 IST" name="openBing" finished-at="2024-09-09T20:40:34 IST" duration-ms="7047" status="PASS">
          <reporter-output>
          </reporter-output>
        </test-method> <!-- openBing -->
        <test-method signature="openGoogle()[pri:0, instance:testNG.ParallelTesting@576d5deb]" started-at="2024-09-09T20:40:34 IST" name="openGoogle" finished-at="2024-09-09T20:40:37 IST" duration-ms="3022" status="PASS">
          <reporter-output>
          </reporter-output>
        </test-method> <!-- openGoogle -->
      </class> <!-- testNG.ParallelTesting -->
    </test> <!-- Default test -->
  </suite> <!-- Default suite -->
</testng-results>
